Using pre-set license
Built from '2022.3/staging' branch; Version is '2022.3.4f1 (35713cd46cd7) revision 3502396'; Using compiler version '192829333'; Build Type 'Release'
OS: 'Windows 10  (10.0.19045) 64bit Core' Language: 'en' Physical Memory: 16322 MB
BatchMode: 1, IsHumanControllingUs: 0, StartBugReporterOnCrash: 0, Is64bit: 1, IsPro: 1

COMMAND LINE ARGUMENTS:
C:\Program Files\Unity 2022.3.4f1\Editor\Unity.exe
-adb2
-batchMode
-noUpm
-name
AssetImportWorker0
-projectPath
C:/Users/conno/Downloads/Week2Lesson
-logFile
Logs/AssetImportWorker0.log
-srvPort
62781
Successfully changed project path to: C:/Users/conno/Downloads/Week2Lesson
C:/Users/conno/Downloads/Week2Lesson
[UnityMemory] Configuration Parameters - Can be set up in boot.config
    "memorysetup-bucket-allocator-granularity=16"
    "memorysetup-bucket-allocator-bucket-count=8"
    "memorysetup-bucket-allocator-block-size=33554432"
    "memorysetup-bucket-allocator-block-count=8"
    "memorysetup-main-allocator-block-size=16777216"
    "memorysetup-thread-allocator-block-size=16777216"
    "memorysetup-gfx-main-allocator-block-size=16777216"
    "memorysetup-gfx-thread-allocator-block-size=16777216"
    "memorysetup-cache-allocator-block-size=4194304"
    "memorysetup-typetree-allocator-block-size=2097152"
    "memorysetup-profiler-bucket-allocator-granularity=16"
    "memorysetup-profiler-bucket-allocator-bucket-count=8"
    "memorysetup-profiler-bucket-allocator-block-size=33554432"
    "memorysetup-profiler-bucket-allocator-block-count=8"
    "memorysetup-profiler-allocator-block-size=16777216"
    "memorysetup-profiler-editor-allocator-block-size=1048576"
    "memorysetup-temp-allocator-size-main=16777216"
    "memorysetup-job-temp-allocator-block-size=2097152"
    "memorysetup-job-temp-allocator-block-size-background=1048576"
    "memorysetup-job-temp-allocator-reduction-small-platforms=262144"
    "memorysetup-allocator-temp-initial-block-size-main=262144"
    "memorysetup-allocator-temp-initial-block-size-worker=262144"
    "memorysetup-temp-allocator-size-background-worker=32768"
    "memorysetup-temp-allocator-size-job-worker=262144"
    "memorysetup-temp-allocator-size-preload-manager=33554432"
    "memorysetup-temp-allocator-size-nav-mesh-worker=65536"
    "memorysetup-temp-allocator-size-audio-worker=65536"
    "memorysetup-temp-allocator-size-cloud-worker=32768"
    "memorysetup-temp-allocator-size-gi-baking-worker=262144"
    "memorysetup-temp-allocator-size-gfx=262144"
Player connection [12832] Host "[IP] 192.168.1.68 [Port] 0 [Flags] 2 [Guid] 797658666 [EditorId] 797658666 [Version] 1048832 [Id] WindowsEditor(7,DESKTOP-CJ27DOT) [Debug] 1 [PackageName] WindowsEditor [ProjectName] Editor" joined multi-casting on [225.0.0.222:54997]...

Player connection [12832] Host "[IP] 192.168.1.68 [Port] 0 [Flags] 2 [Guid] 797658666 [EditorId] 797658666 [Version] 1048832 [Id] WindowsEditor(7,DESKTOP-CJ27DOT) [Debug] 1 [PackageName] WindowsEditor [ProjectName] Editor" joined alternative multi-casting on [225.0.0.222:34997]...

Refreshing native plugins compatible for Editor in 8.60 ms, found 3 plugins.
Preloading 0 native plugins for Editor in 0.00 ms.
Initialize engine version: 2022.3.4f1 (35713cd46cd7)
[Subsystems] Discovering subsystems at path C:/Program Files/Unity 2022.3.4f1/Editor/Data/Resources/UnitySubsystems
[Subsystems] Discovering subsystems at path C:/Users/conno/Downloads/Week2Lesson/Assets
GfxDevice: creating device client; threaded=0; jobified=0
Direct3D:
    Version:  Direct3D 11.0 [level 11.1]
    Renderer: NVIDIA GeForce RTX 3060 (ID=0x2503)
    Vendor:   NVIDIA
    VRAM:     12129 MB
    Driver:   31.0.15.4617
Initialize mono
Mono path[0] = 'C:/Program Files/Unity 2022.3.4f1/Editor/Data/Managed'
Mono path[1] = 'C:/Program Files/Unity 2022.3.4f1/Editor/Data/MonoBleedingEdge/lib/mono/unityjit-win32'
Mono config path = 'C:/Program Files/Unity 2022.3.4f1/Editor/Data/MonoBleedingEdge/etc'
Using monoOptions --debugger-agent=transport=dt_socket,embedding=1,server=y,suspend=n,address=127.0.0.1:56200
Begin MonoManager ReloadAssembly
Registering precompiled unity dll's ...
Register platform support module: C:/Program Files/Unity 2022.3.4f1/Editor/Data/PlaybackEngines/AndroidPlayer/UnityEditor.Android.Extensions.dll
Register platform support module: C:/Program Files/Unity 2022.3.4f1/Editor/Data/PlaybackEngines/WindowsStandaloneSupport/UnityEditor.WindowsStandalone.Extensions.dll
Registered in 0.008727 seconds.
- Loaded All Assemblies, in  0.374 seconds
Native extension for WindowsStandalone target not found
Native extension for Android target not found
Mono: successfully reloaded assembly
- Finished resetting the current domain, in  0.336 seconds
Domain Reload Profiling: 708ms
	BeginReloadAssembly (97ms)
		ExecutionOrderSort (0ms)
		DisableScriptedObjects (0ms)
		BackupInstance (0ms)
		ReleaseScriptingObjects (0ms)
		CreateAndSetChildDomain (1ms)
	RebuildCommonClasses (35ms)
	RebuildNativeTypeToScriptingClass (10ms)
	initialDomainReloadingComplete (62ms)
	LoadAllAssembliesAndSetupDomain (167ms)
		LoadAssemblies (94ms)
		RebuildTransferFunctionScriptingTraits (0ms)
		AnalyzeDomain (160ms)
			TypeCache.Refresh (159ms)
				TypeCache.ScanAssembly (142ms)
			ScanForSourceGeneratedMonoScriptInfo (0ms)
			ResolveRequiredComponents (0ms)
	FinalizeReload (336ms)
		ReleaseScriptCaches (0ms)
		RebuildScriptCaches (0ms)
		SetupLoadedEditorAssemblies (272ms)
			LogAssemblyErrors (0ms)
			InitializePlatformSupportModulesInManaged (103ms)
			SetLoadedEditorAssemblies (5ms)
			RefreshPlugins (0ms)
			BeforeProcessingInitializeOnLoad (2ms)
			ProcessInitializeOnLoadAttributes (115ms)
			ProcessInitializeOnLoadMethodAttributes (48ms)
			AfterProcessingInitializeOnLoad (0ms)
			EditorAssembliesLoaded (0ms)
		ExecutionOrderSort2 (0ms)
		AwakeInstancesAfterBackupRestoration (0ms)
========================================================================
Worker process is ready to serve import requests
Begin MonoManager ReloadAssembly
- Loaded All Assemblies, in  0.736 seconds
Refreshing native plugins compatible for Editor in 3.93 ms, found 3 plugins.
Native extension for WindowsStandalone target not found
Native extension for Android target not found
Mono: successfully reloaded assembly
- Finished resetting the current domain, in  0.556 seconds
Domain Reload Profiling: 1288ms
	BeginReloadAssembly (144ms)
		ExecutionOrderSort (0ms)
		DisableScriptedObjects (5ms)
		BackupInstance (0ms)
		ReleaseScriptingObjects (0ms)
		CreateAndSetChildDomain (30ms)
	RebuildCommonClasses (43ms)
	RebuildNativeTypeToScriptingClass (16ms)
	initialDomainReloadingComplete (49ms)
	LoadAllAssembliesAndSetupDomain (479ms)
		LoadAssemblies (276ms)
		RebuildTransferFunctionScriptingTraits (0ms)
		AnalyzeDomain (271ms)
			TypeCache.Refresh (251ms)
				TypeCache.ScanAssembly (235ms)
			ScanForSourceGeneratedMonoScriptInfo (16ms)
			ResolveRequiredComponents (4ms)
	FinalizeReload (556ms)
		ReleaseScriptCaches (0ms)
		RebuildScriptCaches (0ms)
		SetupLoadedEditorAssemblies (383ms)
			LogAssemblyErrors (0ms)
			InitializePlatformSupportModulesInManaged (23ms)
			SetLoadedEditorAssemblies (3ms)
			RefreshPlugins (0ms)
			BeforeProcessingInitializeOnLoad (64ms)
			ProcessInitializeOnLoadAttributes (248ms)
			ProcessInitializeOnLoadMethodAttributes (35ms)
			AfterProcessingInitializeOnLoad (9ms)
			EditorAssembliesLoaded (0ms)
		ExecutionOrderSort2 (0ms)
		AwakeInstancesAfterBackupRestoration (8ms)
Launched and connected shader compiler UnityShaderCompiler.exe after 0.05 seconds
Refreshing native plugins compatible for Editor in 4.12 ms, found 3 plugins.
Preloading 0 native plugins for Editor in 0.00 ms.
Unloading 2415 Unused Serialized files (Serialized files now loaded: 0)
Unloading 54 unused Assets / (58.1 KB). Loaded Objects now: 2891.
Memory consumption went from 112.4 MB to 112.4 MB.
Total: 6.893800 ms (FindLiveObjects: 0.729200 ms CreateObjectMapping: 0.382700 ms MarkObjects: 5.528200 ms  DeleteObjects: 0.251600 ms)

AssetImportParameters requested are different than current active one (requested -> active):
  custom:video-decoder-webm-vp8: 9c59270c3fd7afecdb556c50c9e8de78 -> 
  custom:container-demuxer-ogg: 62fdf1f143b41e24485cea50d1cbac27 -> 
  custom:AudioImporter_EditorPlatform: d09bf68614088b80899f8185d706f6e7 -> 
  custom:video-decoder-ogg-theora: a1e56fd34408186e4bbccfd4996cb3dc -> 
  custom:framework-win-MediaFoundation: 216162199b28c13a410421893ffa2e32 -> 
  custom:video-encoder-webm-vp8: eb34c28f22e8b96e1ab97ce403110664 -> 
  custom:audio-decoder-ogg-vorbis: bf7c407c2cedff20999df2af8eb42d56 -> 
  custom:CustomObjectIndexerAttribute: 756ad292c208cfabdd7b50bc23989ffe -> 
  custom:container-demuxer-webm: 4f35f7cbe854078d1ac9338744f61a02 -> 
  custom:audio-encoder-webm-vorbis: bf7c407c2cedff20999df2af8eb42d56 -> 
  custom:container-muxer-webm: aa71ff27fc2769a1b78a27578f13a17b -> 
========================================================================
Received Import Request.
  Time since last request: 35091.074454 seconds.
  path: Assets/Prefabs/JumpPowerup.prefab
  artifactKey: Guid(e1c7c176cea6c40498b5976048650b29) Importer(815301076,1909f56bfc062723c751e8b465ee728b)
Start importing Assets/Prefabs/JumpPowerup.prefab using Guid(e1c7c176cea6c40498b5976048650b29) Importer(815301076,1909f56bfc062723c751e8b465ee728b)  -> (artifact id: '0529857837dd79b4fcd4dbf25f0dc218') in 0.091554 seconds
Number of updated asset objects reloaded before import = 0
Number of asset objects unloaded after import = 9
========================================================================
Received Import Request.
  Time since last request: 15.936812 seconds.
  path: Assets/LevelElementsArt/coins.png
  artifactKey: Guid(09fc362ba5781384bb3448a35ac954c1) Importer(815301076,1909f56bfc062723c751e8b465ee728b)
Start importing Assets/LevelElementsArt/coins.png using Guid(09fc362ba5781384bb3448a35ac954c1) Importer(815301076,1909f56bfc062723c751e8b465ee728b)  -> (artifact id: '1a8480c15b14a6b7ed1d69e90fc0f942') in 0.090537 seconds
Number of updated asset objects reloaded before import = 0
Number of asset objects unloaded after import = 6
========================================================================
Received Import Request.
  Time since last request: 14.012395 seconds.
  path: Assets/2D Platformer Controller/Art/Sprites/Tilemaps/Spritesheets/House_Indoor_Tileset.png
  artifactKey: Guid(5d37d205276535e40a43862320f575d4) Importer(815301076,1909f56bfc062723c751e8b465ee728b)
Start importing Assets/2D Platformer Controller/Art/Sprites/Tilemaps/Spritesheets/House_Indoor_Tileset.png using Guid(5d37d205276535e40a43862320f575d4) Importer(815301076,1909f56bfc062723c751e8b465ee728b)  -> (artifact id: '8548126c6608148a6bd046c71ecfa8af') in 0.191407 seconds
Number of updated asset objects reloaded before import = 0
Number of asset objects unloaded after import = 25
========================================================================
Received Import Request.
  Time since last request: 5.821870 seconds.
  path: Assets/2D Platformer Controller/Art/Sprites/Tilemaps/Tiles/House_Indoor_Props/House_Indoor_Props_1.asset
  artifactKey: Guid(43db52b5fe53a364b89da18225b15b1e) Importer(815301076,1909f56bfc062723c751e8b465ee728b)
Start importing Assets/2D Platformer Controller/Art/Sprites/Tilemaps/Tiles/House_Indoor_Props/House_Indoor_Props_1.asset using Guid(43db52b5fe53a364b89da18225b15b1e) Importer(815301076,1909f56bfc062723c751e8b465ee728b)  -> (artifact id: 'fea279055d3776e287613e414a087c78') in 0.010960 seconds
Number of updated asset objects reloaded before import = 0
Number of asset objects unloaded after import = 3
========================================================================
Received Import Request.
  Time since last request: 0.000016 seconds.
  path: Assets/2D Platformer Controller/Art/Sprites/Tilemaps/Tiles/House_Indoor_Props/House_Indoor_Props_27.asset
  artifactKey: Guid(6a10883702afc8041b896638aa3356c6) Importer(815301076,1909f56bfc062723c751e8b465ee728b)
Start importing Assets/2D Platformer Controller/Art/Sprites/Tilemaps/Tiles/House_Indoor_Props/House_Indoor_Props_27.asset using Guid(6a10883702afc8041b896638aa3356c6) Importer(815301076,1909f56bfc062723c751e8b465ee728b)  -> (artifact id: 'f4898eecd2ca3f8e02cf9fa0ea72468b') in 0.009657 seconds
Number of updated asset objects reloaded before import = 0
Number of asset objects unloaded after import = 3
========================================================================
Received Import Request.
  Time since last request: 0.000013 seconds.
  path: Assets/2D Platformer Controller/Art/Sprites/Tilemaps/Tiles/House_Indoor_Props/House_Indoor_Props_46.asset
  artifactKey: Guid(c1bdc304421f81a4b99c7a90d7766ffd) Importer(815301076,1909f56bfc062723c751e8b465ee728b)
Start importing Assets/2D Platformer Controller/Art/Sprites/Tilemaps/Tiles/House_Indoor_Props/House_Indoor_Props_46.asset using Guid(c1bdc304421f81a4b99c7a90d7766ffd) Importer(815301076,1909f56bfc062723c751e8b465ee728b)  -> (artifact id: 'c67eb02473d856ba3ada0b6779455784') in 0.009768 seconds
Number of updated asset objects reloaded before import = 0
Number of asset objects unloaded after import = 3
========================================================================
Received Import Request.
  Time since last request: 0.000020 seconds.
  path: Assets/2D Platformer Controller/Art/Sprites/Tilemaps/Tiles/House_Indoor_Props/House_Indoor_Props_52.asset
  artifactKey: Guid(b10721289c46fee43ac31a69144766c9) Importer(815301076,1909f56bfc062723c751e8b465ee728b)
Start importing Assets/2D Platformer Controller/Art/Sprites/Tilemaps/Tiles/House_Indoor_Props/House_Indoor_Props_52.asset using Guid(b10721289c46fee43ac31a69144766c9) Importer(815301076,1909f56bfc062723c751e8b465ee728b)  -> (artifact id: 'f012d180375b8c2925547bb63e34d5d9') in 0.008188 seconds
Number of updated asset objects reloaded before import = 0
Number of asset objects unloaded after import = 3
========================================================================
Received Import Request.
  Time since last request: 0.000012 seconds.
  path: Assets/2D Platformer Controller/Art/Sprites/Tilemaps/Tiles/House_Indoor_Props/House_Indoor_Props_24.asset
  artifactKey: Guid(f8f4a7d69c78d4e48acd40947629df8b) Importer(815301076,1909f56bfc062723c751e8b465ee728b)
Start importing Assets/2D Platformer Controller/Art/Sprites/Tilemaps/Tiles/House_Indoor_Props/House_Indoor_Props_24.asset using Guid(f8f4a7d69c78d4e48acd40947629df8b) Importer(815301076,1909f56bfc062723c751e8b465ee728b)  -> (artifact id: '404585e12007e554384a04a5400ee6d9') in 0.010360 seconds
Number of updated asset objects reloaded before import = 0
Number of asset objects unloaded after import = 3
========================================================================
Received Import Request.
  Time since last request: 0.000015 seconds.
  path: Assets/2D Platformer Controller/Art/Sprites/Tilemaps/Tiles/House_Indoor_Props/House_Indoor_Props_50.asset
  artifactKey: Guid(a8785a36c089cdb4e9118f3b04765b72) Importer(815301076,1909f56bfc062723c751e8b465ee728b)
Start importing Assets/2D Platformer Controller/Art/Sprites/Tilemaps/Tiles/House_Indoor_Props/House_Indoor_Props_50.asset using Guid(a8785a36c089cdb4e9118f3b04765b72) Importer(815301076,1909f56bfc062723c751e8b465ee728b)  -> (artifact id: '13bb7f2b08316f9b2367ecb5641f8b1c') in 0.009739 seconds
Number of updated asset objects reloaded before import = 0
Number of asset objects unloaded after import = 3
========================================================================
Received Import Request.
  Time since last request: 0.000014 seconds.
  path: Assets/2D Platformer Controller/Art/Sprites/Tilemaps/Tiles/House_Indoor_Props/House_Indoor_Props_7.asset
  artifactKey: Guid(1c9eb40c8f4b19444ad8799cc6787937) Importer(815301076,1909f56bfc062723c751e8b465ee728b)
Start importing Assets/2D Platformer Controller/Art/Sprites/Tilemaps/Tiles/House_Indoor_Props/House_Indoor_Props_7.asset using Guid(1c9eb40c8f4b19444ad8799cc6787937) Importer(815301076,1909f56bfc062723c751e8b465ee728b)  -> (artifact id: '1ad42f65d444b276771e1e0842d23bcf') in 0.009398 seconds
Number of updated asset objects reloaded before import = 0
Number of asset objects unloaded after import = 3
========================================================================
Received Import Request.
  Time since last request: 0.000018 seconds.
  path: Assets/2D Platformer Controller/Art/Sprites/Tilemaps/Tiles/House_Indoor_Props/House_Indoor_Props_40.asset
  artifactKey: Guid(44e5d2ece5fca0c4a8b78f51bffe810b) Importer(815301076,1909f56bfc062723c751e8b465ee728b)
Start importing Assets/2D Platformer Controller/Art/Sprites/Tilemaps/Tiles/House_Indoor_Props/House_Indoor_Props_40.asset using Guid(44e5d2ece5fca0c4a8b78f51bffe810b) Importer(815301076,1909f56bfc062723c751e8b465ee728b)  -> (artifact id: 'b1ee3ee429f33a9bb2b596b039572eed') in 0.010208 seconds
Number of updated asset objects reloaded before import = 0
Number of asset objects unloaded after import = 3
========================================================================
Received Import Request.
  Time since last request: 0.000017 seconds.
  path: Assets/2D Platformer Controller/Art/Sprites/Tilemaps/Tiles/House_Indoor_Props/House_Indoor_Props_42.asset
  artifactKey: Guid(5d5912fc0cac26c4c8c8a7ccb660e204) Importer(815301076,1909f56bfc062723c751e8b465ee728b)
Start importing Assets/2D Platformer Controller/Art/Sprites/Tilemaps/Tiles/House_Indoor_Props/House_Indoor_Props_42.asset using Guid(5d5912fc0cac26c4c8c8a7ccb660e204) Importer(815301076,1909f56bfc062723c751e8b465ee728b)  -> (artifact id: '6cc276630bdd685e2f42fc3c6cc9c824') in 0.009873 seconds
Number of updated asset objects reloaded before import = 0
Number of asset objects unloaded after import = 3
========================================================================
Received Import Request.
  Time since last request: 0.000036 seconds.
  path: Assets/2D Platformer Controller/Art/Sprites/Tilemaps/Tiles/House_Indoor_Props/House_Indoor_Props_5.asset
  artifactKey: Guid(b68a040a533743942b0f6c2167c3b6d4) Importer(815301076,1909f56bfc062723c751e8b465ee728b)
Start importing Assets/2D Platformer Controller/Art/Sprites/Tilemaps/Tiles/House_Indoor_Props/House_Indoor_Props_5.asset using Guid(b68a040a533743942b0f6c2167c3b6d4) Importer(815301076,1909f56bfc062723c751e8b465ee728b)  -> (artifact id: 'aee74eef89516c1b22aaec3ace5203bc') in 0.010612 seconds
Number of updated asset objects reloaded before import = 0
Number of asset objects unloaded after import = 3
========================================================================
Received Import Request.
  Time since last request: 0.000018 seconds.
  path: Assets/2D Platformer Controller/Art/Sprites/Tilemaps/Tiles/House_Indoor_Props/House_Indoor_Props_26.asset
  artifactKey: Guid(19dca1cb94c95e64bb3ce6c38d99f0e5) Importer(815301076,1909f56bfc062723c751e8b465ee728b)
Start importing Assets/2D Platformer Controller/Art/Sprites/Tilemaps/Tiles/House_Indoor_Props/House_Indoor_Props_26.asset using Guid(19dca1cb94c95e64bb3ce6c38d99f0e5) Importer(815301076,1909f56bfc062723c751e8b465ee728b)  -> (artifact id: 'a7d20a1d096eb82b2f64464e41e4709a') in 0.017444 seconds
Number of updated asset objects reloaded before import = 0
Number of asset objects unloaded after import = 3
========================================================================
Received Import Request.
  Time since last request: 0.000016 seconds.
  path: Assets/2D Platformer Controller/Art/Sprites/Tilemaps/Tiles/House_Indoor_Props/House_Indoor_Props_10.asset
  artifactKey: Guid(b81dfe02dc940204aaeb0a8efe5cdff9) Importer(815301076,1909f56bfc062723c751e8b465ee728b)
Start importing Assets/2D Platformer Controller/Art/Sprites/Tilemaps/Tiles/House_Indoor_Props/House_Indoor_Props_10.asset using Guid(b81dfe02dc940204aaeb0a8efe5cdff9) Importer(815301076,1909f56bfc062723c751e8b465ee728b)  -> (artifact id: '72629f611059b4bd50cfb62d1bdbea07') in 0.017236 seconds
Number of updated asset objects reloaded before import = 0
Number of asset objects unloaded after import = 3
========================================================================
Received Import Request.
  Time since last request: 0.000017 seconds.
  path: Assets/2D Platformer Controller/Art/Sprites/Tilemaps/Tiles/House_Indoor_Props/House_Indoor_Props_34.asset
  artifactKey: Guid(3479f98c8bf79104b849f39536291101) Importer(815301076,1909f56bfc062723c751e8b465ee728b)
Start importing Assets/2D Platformer Controller/Art/Sprites/Tilemaps/Tiles/House_Indoor_Props/House_Indoor_Props_34.asset using Guid(3479f98c8bf79104b849f39536291101) Importer(815301076,1909f56bfc062723c751e8b465ee728b)  -> (artifact id: '85c1c605b4ff8ebb2c30edccbc186505') in 0.010611 seconds
Number of updated asset objects reloaded before import = 0
Number of asset objects unloaded after import = 3
========================================================================
Received Import Request.
  Time since last request: 0.000014 seconds.
  path: Assets/2D Platformer Controller/Art/Sprites/Tilemaps/Tiles/House_Indoor_Props/House_Indoor_Props_22.asset
  artifactKey: Guid(53e4f6b9809a0a544b2043e9fb055394) Importer(815301076,1909f56bfc062723c751e8b465ee728b)
Start importing Assets/2D Platformer Controller/Art/Sprites/Tilemaps/Tiles/House_Indoor_Props/House_Indoor_Props_22.asset using Guid(53e4f6b9809a0a544b2043e9fb055394) Importer(815301076,1909f56bfc062723c751e8b465ee728b)  -> (artifact id: '89e6166060f19a0aba1db5ad2d30b74e') in 0.010874 seconds
Number of updated asset objects reloaded before import = 0
Number of asset objects unloaded after import = 3
========================================================================
Received Import Request.
  Time since last request: 0.000019 seconds.
  path: Assets/2D Platformer Controller/Art/Sprites/Tilemaps/Tiles/House_Indoor_Props/House_Indoor_Props_8.asset
  artifactKey: Guid(cf64c635a5a19a249b780d826a9890b3) Importer(815301076,1909f56bfc062723c751e8b465ee728b)
Start importing Assets/2D Platformer Controller/Art/Sprites/Tilemaps/Tiles/House_Indoor_Props/House_Indoor_Props_8.asset using Guid(cf64c635a5a19a249b780d826a9890b3) Importer(815301076,1909f56bfc062723c751e8b465ee728b)  -> (artifact id: '29e4b44d9529ad50e498c899d8291d54') in 0.014170 seconds
Number of updated asset objects reloaded before import = 0
Number of asset objects unloaded after import = 3
========================================================================
Received Import Request.
  Time since last request: 6.884982 seconds.
  path: Assets/2D Platformer Controller/Art/Sprites/Tilemaps/Palletes/House_Indoor_Props.prefab
  artifactKey: Guid(b4d9dffb1b055684d8c578caf5b6b8df) Importer(815301076,1909f56bfc062723c751e8b465ee728b)
Start importing Assets/2D Platformer Controller/Art/Sprites/Tilemaps/Palletes/House_Indoor_Props.prefab using Guid(b4d9dffb1b055684d8c578caf5b6b8df) Importer(815301076,1909f56bfc062723c751e8b465ee728b)  -> (artifact id: '40820a8fa9ab670e014f454a9550276a') in 0.042517 seconds
Number of updated asset objects reloaded before import = 0
Number of asset objects unloaded after import = 131
