Using pre-set license
Built from '2022.3/staging' branch; Version is '2022.3.4f1 (35713cd46cd7) revision 3502396'; Using compiler version '192829333'; Build Type 'Release'
OS: 'Windows 10  (10.0.19045) 64bit Core' Language: 'en' Physical Memory: 16322 MB
BatchMode: 1, IsHumanControllingUs: 0, StartBugReporterOnCrash: 0, Is64bit: 1, IsPro: 1

COMMAND LINE ARGUMENTS:
C:\Program Files\Unity 2022.3.4f1\Editor\Unity.exe
-adb2
-batchMode
-noUpm
-name
AssetImportWorker2
-projectPath
C:/Users/conno/Downloads/Week2Lesson
-logFile
Logs/AssetImportWorker2.log
-srvPort
62781
Successfully changed project path to: C:/Users/conno/Downloads/Week2Lesson
C:/Users/conno/Downloads/Week2Lesson
[UnityMemory] Configuration Parameters - Can be set up in boot.config
    "memorysetup-bucket-allocator-granularity=16"
    "memorysetup-bucket-allocator-bucket-count=8"
    "memorysetup-bucket-allocator-block-size=33554432"
    "memorysetup-bucket-allocator-block-count=8"
    "memorysetup-main-allocator-block-size=16777216"
    "memorysetup-thread-allocator-block-size=16777216"
    "memorysetup-gfx-main-allocator-block-size=16777216"
    "memorysetup-gfx-thread-allocator-block-size=16777216"
    "memorysetup-cache-allocator-block-size=4194304"
    "memorysetup-typetree-allocator-block-size=2097152"
    "memorysetup-profiler-bucket-allocator-granularity=16"
    "memorysetup-profiler-bucket-allocator-bucket-count=8"
    "memorysetup-profiler-bucket-allocator-block-size=33554432"
    "memorysetup-profiler-bucket-allocator-block-count=8"
    "memorysetup-profiler-allocator-block-size=16777216"
    "memorysetup-profiler-editor-allocator-block-size=1048576"
    "memorysetup-temp-allocator-size-main=16777216"
    "memorysetup-job-temp-allocator-block-size=2097152"
    "memorysetup-job-temp-allocator-block-size-background=1048576"
    "memorysetup-job-temp-allocator-reduction-small-platforms=262144"
    "memorysetup-allocator-temp-initial-block-size-main=262144"
    "memorysetup-allocator-temp-initial-block-size-worker=262144"
    "memorysetup-temp-allocator-size-background-worker=32768"
    "memorysetup-temp-allocator-size-job-worker=262144"
    "memorysetup-temp-allocator-size-preload-manager=33554432"
    "memorysetup-temp-allocator-size-nav-mesh-worker=65536"
    "memorysetup-temp-allocator-size-audio-worker=65536"
    "memorysetup-temp-allocator-size-cloud-worker=32768"
    "memorysetup-temp-allocator-size-gi-baking-worker=262144"
    "memorysetup-temp-allocator-size-gfx=262144"
Player connection [21208] Host "[IP] 192.168.1.68 [Port] 0 [Flags] 2 [Guid] 399289176 [EditorId] 399289176 [Version] 1048832 [Id] WindowsEditor(7,DESKTOP-CJ27DOT) [Debug] 1 [PackageName] WindowsEditor [ProjectName] Editor" joined multi-casting on [225.0.0.222:54997]...

Player connection [21208] Host "[IP] 192.168.1.68 [Port] 0 [Flags] 2 [Guid] 399289176 [EditorId] 399289176 [Version] 1048832 [Id] WindowsEditor(7,DESKTOP-CJ27DOT) [Debug] 1 [PackageName] WindowsEditor [ProjectName] Editor" joined alternative multi-casting on [225.0.0.222:34997]...

Refreshing native plugins compatible for Editor in 10.12 ms, found 3 plugins.
Preloading 0 native plugins for Editor in 0.00 ms.
Initialize engine version: 2022.3.4f1 (35713cd46cd7)
[Subsystems] Discovering subsystems at path C:/Program Files/Unity 2022.3.4f1/Editor/Data/Resources/UnitySubsystems
[Subsystems] Discovering subsystems at path C:/Users/conno/Downloads/Week2Lesson/Assets
GfxDevice: creating device client; threaded=0; jobified=0
Direct3D:
    Version:  Direct3D 11.0 [level 11.1]
    Renderer: NVIDIA GeForce RTX 3060 (ID=0x2503)
    Vendor:   NVIDIA
    VRAM:     12129 MB
    Driver:   31.0.15.4617
Initialize mono
Mono path[0] = 'C:/Program Files/Unity 2022.3.4f1/Editor/Data/Managed'
Mono path[1] = 'C:/Program Files/Unity 2022.3.4f1/Editor/Data/MonoBleedingEdge/lib/mono/unityjit-win32'
Mono config path = 'C:/Program Files/Unity 2022.3.4f1/Editor/Data/MonoBleedingEdge/etc'
Using monoOptions --debugger-agent=transport=dt_socket,embedding=1,server=y,suspend=n,address=127.0.0.1:56344
Begin MonoManager ReloadAssembly
Registering precompiled unity dll's ...
Register platform support module: C:/Program Files/Unity 2022.3.4f1/Editor/Data/PlaybackEngines/AndroidPlayer/UnityEditor.Android.Extensions.dll
Register platform support module: C:/Program Files/Unity 2022.3.4f1/Editor/Data/PlaybackEngines/WindowsStandaloneSupport/UnityEditor.WindowsStandalone.Extensions.dll
Registered in 0.008131 seconds.
- Loaded All Assemblies, in  0.377 seconds
Native extension for WindowsStandalone target not found
Native extension for Android target not found
Mono: successfully reloaded assembly
- Finished resetting the current domain, in  0.335 seconds
Domain Reload Profiling: 710ms
	BeginReloadAssembly (94ms)
		ExecutionOrderSort (0ms)
		DisableScriptedObjects (0ms)
		BackupInstance (0ms)
		ReleaseScriptingObjects (0ms)
		CreateAndSetChildDomain (1ms)
	RebuildCommonClasses (35ms)
	RebuildNativeTypeToScriptingClass (12ms)
	initialDomainReloadingComplete (61ms)
	LoadAllAssembliesAndSetupDomain (172ms)
		LoadAssemblies (92ms)
		RebuildTransferFunctionScriptingTraits (0ms)
		AnalyzeDomain (165ms)
			TypeCache.Refresh (164ms)
				TypeCache.ScanAssembly (148ms)
			ScanForSourceGeneratedMonoScriptInfo (1ms)
			ResolveRequiredComponents (0ms)
	FinalizeReload (336ms)
		ReleaseScriptCaches (0ms)
		RebuildScriptCaches (0ms)
		SetupLoadedEditorAssemblies (274ms)
			LogAssemblyErrors (0ms)
			InitializePlatformSupportModulesInManaged (106ms)
			SetLoadedEditorAssemblies (4ms)
			RefreshPlugins (0ms)
			BeforeProcessingInitializeOnLoad (2ms)
			ProcessInitializeOnLoadAttributes (113ms)
			ProcessInitializeOnLoadMethodAttributes (48ms)
			AfterProcessingInitializeOnLoad (0ms)
			EditorAssembliesLoaded (0ms)
		ExecutionOrderSort2 (0ms)
		AwakeInstancesAfterBackupRestoration (0ms)
========================================================================
Worker process is ready to serve import requests
Begin MonoManager ReloadAssembly
- Loaded All Assemblies, in  0.725 seconds
Refreshing native plugins compatible for Editor in 3.44 ms, found 3 plugins.
Native extension for WindowsStandalone target not found
Native extension for Android target not found
Mono: successfully reloaded assembly
- Finished resetting the current domain, in  0.551 seconds
Domain Reload Profiling: 1271ms
	BeginReloadAssembly (146ms)
		ExecutionOrderSort (0ms)
		DisableScriptedObjects (5ms)
		BackupInstance (0ms)
		ReleaseScriptingObjects (0ms)
		CreateAndSetChildDomain (30ms)
	RebuildCommonClasses (40ms)
	RebuildNativeTypeToScriptingClass (13ms)
	initialDomainReloadingComplete (45ms)
	LoadAllAssembliesAndSetupDomain (476ms)
		LoadAssemblies (274ms)
		RebuildTransferFunctionScriptingTraits (0ms)
		AnalyzeDomain (268ms)
			TypeCache.Refresh (248ms)
				TypeCache.ScanAssembly (229ms)
			ScanForSourceGeneratedMonoScriptInfo (17ms)
			ResolveRequiredComponents (3ms)
	FinalizeReload (551ms)
		ReleaseScriptCaches (0ms)
		RebuildScriptCaches (0ms)
		SetupLoadedEditorAssemblies (380ms)
			LogAssemblyErrors (0ms)
			InitializePlatformSupportModulesInManaged (25ms)
			SetLoadedEditorAssemblies (3ms)
			RefreshPlugins (0ms)
			BeforeProcessingInitializeOnLoad (64ms)
			ProcessInitializeOnLoadAttributes (244ms)
			ProcessInitializeOnLoadMethodAttributes (35ms)
			AfterProcessingInitializeOnLoad (9ms)
			EditorAssembliesLoaded (0ms)
		ExecutionOrderSort2 (0ms)
		AwakeInstancesAfterBackupRestoration (6ms)
Launched and connected shader compiler UnityShaderCompiler.exe after 0.04 seconds
Refreshing native plugins compatible for Editor in 5.63 ms, found 3 plugins.
Preloading 0 native plugins for Editor in 0.00 ms.
Unloading 2415 Unused Serialized files (Serialized files now loaded: 0)
Unloading 54 unused Assets / (58.1 KB). Loaded Objects now: 2891.
Memory consumption went from 112.4 MB to 112.4 MB.
Total: 5.532800 ms (FindLiveObjects: 0.375100 ms CreateObjectMapping: 0.320100 ms MarkObjects: 4.571000 ms  DeleteObjects: 0.261300 ms)

AssetImportParameters requested are different than current active one (requested -> active):
  custom:video-decoder-webm-vp8: 9c59270c3fd7afecdb556c50c9e8de78 -> 
  custom:container-demuxer-ogg: 62fdf1f143b41e24485cea50d1cbac27 -> 
  custom:AudioImporter_EditorPlatform: d09bf68614088b80899f8185d706f6e7 -> 
  custom:video-decoder-ogg-theora: a1e56fd34408186e4bbccfd4996cb3dc -> 
  custom:framework-win-MediaFoundation: 216162199b28c13a410421893ffa2e32 -> 
  custom:video-encoder-webm-vp8: eb34c28f22e8b96e1ab97ce403110664 -> 
  custom:audio-decoder-ogg-vorbis: bf7c407c2cedff20999df2af8eb42d56 -> 
  custom:CustomObjectIndexerAttribute: 756ad292c208cfabdd7b50bc23989ffe -> 
  custom:container-demuxer-webm: 4f35f7cbe854078d1ac9338744f61a02 -> 
  custom:audio-encoder-webm-vorbis: bf7c407c2cedff20999df2af8eb42d56 -> 
  custom:container-muxer-webm: aa71ff27fc2769a1b78a27578f13a17b -> 
========================================================================
Received Import Request.
  Time since last request: 35091.053339 seconds.
  path: Assets/Prefabs/DashPowerup.prefab
  artifactKey: Guid(706712129cdad8b4eb091698091dcd4f) Importer(815301076,1909f56bfc062723c751e8b465ee728b)
Start importing Assets/Prefabs/DashPowerup.prefab using Guid(706712129cdad8b4eb091698091dcd4f) Importer(815301076,1909f56bfc062723c751e8b465ee728b)  -> (artifact id: 'b510988f3841087692bc09fcd3b9be6c') in 0.101412 seconds
Number of updated asset objects reloaded before import = 0
Number of asset objects unloaded after import = 9
========================================================================
Received Import Request.
  Time since last request: 0.000032 seconds.
  path: Assets/Prefabs/Follow Camera.prefab
  artifactKey: Guid(87bf8c1bb82c18141b66b97e913ccc1e) Importer(815301076,1909f56bfc062723c751e8b465ee728b)
Start importing Assets/Prefabs/Follow Camera.prefab using Guid(87bf8c1bb82c18141b66b97e913ccc1e) Importer(815301076,1909f56bfc062723c751e8b465ee728b)  -> (artifact id: 'a5db7e456815fd5891cd13a71529eb40') in 0.004084 seconds
Number of updated asset objects reloaded before import = 0
Number of asset objects unloaded after import = 7
========================================================================
Received Import Request.
  Time since last request: 15.860204 seconds.
  path: Assets/LevelElementsArt
  artifactKey: Guid(e279024c2eef77e45a007f7247e687cb) Importer(815301076,1909f56bfc062723c751e8b465ee728b)
Start importing Assets/LevelElementsArt using Guid(e279024c2eef77e45a007f7247e687cb) Importer(815301076,1909f56bfc062723c751e8b465ee728b)  -> (artifact id: '33d8b888c06cf1f443db521864c5f6db') in 0.000426 seconds
Number of updated asset objects reloaded before import = 0
Number of asset objects unloaded after import = 0
========================================================================
Received Import Request.
  Time since last request: 0.081417 seconds.
  path: Assets/LevelElementsArt/blue_gem_3.png
  artifactKey: Guid(7155c57e4267e404f9faa07e5aab3da8) Importer(815301076,1909f56bfc062723c751e8b465ee728b)
Start importing Assets/LevelElementsArt/blue_gem_3.png using Guid(7155c57e4267e404f9faa07e5aab3da8) Importer(815301076,1909f56bfc062723c751e8b465ee728b)  -> (artifact id: 'a67982ee87d30e63cf42c5d7050f9f48') in 0.072231 seconds
Number of updated asset objects reloaded before import = 0
Number of asset objects unloaded after import = 3
========================================================================
Received Import Request.
  Time since last request: 4.362578 seconds.
  path: Assets/LevelElementsArt/Animation
  artifactKey: Guid(9bd178a8f8bda0946b646cbe50dfa9c7) Importer(815301076,1909f56bfc062723c751e8b465ee728b)
Start importing Assets/LevelElementsArt/Animation using Guid(9bd178a8f8bda0946b646cbe50dfa9c7) Importer(815301076,1909f56bfc062723c751e8b465ee728b)  -> (artifact id: '138eb1caa18db5bff108f2b855a2341b') in 0.000408 seconds
Number of updated asset objects reloaded before import = 0
Number of asset objects unloaded after import = 0
========================================================================
Received Import Request.
  Time since last request: 1.827453 seconds.
  path: Assets/2D Platformer Controller
  artifactKey: Guid(8b455e899eb2e02449198af6db6110b8) Importer(815301076,1909f56bfc062723c751e8b465ee728b)
Start importing Assets/2D Platformer Controller using Guid(8b455e899eb2e02449198af6db6110b8) Importer(815301076,1909f56bfc062723c751e8b465ee728b)  -> (artifact id: '03da204c8e790afafcdfda501907a982') in 0.000416 seconds
Number of updated asset objects reloaded before import = 0
Number of asset objects unloaded after import = 0
========================================================================
Received Import Request.
  Time since last request: 2.585639 seconds.
  path: Assets/2D Platformer Controller/Art
  artifactKey: Guid(d2f7bb5fd0d1ce44dba975df512c21c5) Importer(815301076,1909f56bfc062723c751e8b465ee728b)
Start importing Assets/2D Platformer Controller/Art using Guid(d2f7bb5fd0d1ce44dba975df512c21c5) Importer(815301076,1909f56bfc062723c751e8b465ee728b)  -> (artifact id: 'b51211e883a54fa1d56419e4fb2747a5') in 0.000387 seconds
Number of updated asset objects reloaded before import = 0
Number of asset objects unloaded after import = 0
========================================================================
Received Import Request.
  Time since last request: 1.363664 seconds.
  path: Assets/2D Platformer Controller/Art/Sprites
  artifactKey: Guid(05f713836eb56224c9addd6496485a85) Importer(815301076,1909f56bfc062723c751e8b465ee728b)
Start importing Assets/2D Platformer Controller/Art/Sprites using Guid(05f713836eb56224c9addd6496485a85) Importer(815301076,1909f56bfc062723c751e8b465ee728b)  -> (artifact id: 'ca37422759347453d79b4d3493d90e3c') in 0.000374 seconds
Number of updated asset objects reloaded before import = 0
Number of asset objects unloaded after import = 0
========================================================================
Received Import Request.
  Time since last request: 0.064563 seconds.
  path: Assets/2D Platformer Controller/Art/Sprites/Square.png
  artifactKey: Guid(d8f0a60ef270d174e8b306233db2512a) Importer(815301076,1909f56bfc062723c751e8b465ee728b)
Start importing Assets/2D Platformer Controller/Art/Sprites/Square.png using Guid(d8f0a60ef270d174e8b306233db2512a) Importer(815301076,1909f56bfc062723c751e8b465ee728b)  -> (artifact id: '0c4621d7c8e3b1aa39872255e0c772cc') in 0.016002 seconds
Number of updated asset objects reloaded before import = 0
Number of asset objects unloaded after import = 3
========================================================================
Received Import Request.
  Time since last request: 1.214745 seconds.
  path: Assets/2D Platformer Controller/Art/Sprites/Tilemaps
  artifactKey: Guid(b381043a72e596c4abbbc05173b55693) Importer(815301076,1909f56bfc062723c751e8b465ee728b)
Start importing Assets/2D Platformer Controller/Art/Sprites/Tilemaps using Guid(b381043a72e596c4abbbc05173b55693) Importer(815301076,1909f56bfc062723c751e8b465ee728b)  -> (artifact id: '3c553cac51c760b3de3a6fccb394285f') in 0.000412 seconds
Number of updated asset objects reloaded before import = 0
Number of asset objects unloaded after import = 0
========================================================================
Received Import Request.
  Time since last request: 2.507546 seconds.
  path: Assets/2D Platformer Controller/Art/Sprites/Tilemaps/Spritesheets
  artifactKey: Guid(b8d50ada3d2ce7e49ae6d723eb7109a9) Importer(815301076,1909f56bfc062723c751e8b465ee728b)
Start importing Assets/2D Platformer Controller/Art/Sprites/Tilemaps/Spritesheets using Guid(b8d50ada3d2ce7e49ae6d723eb7109a9) Importer(815301076,1909f56bfc062723c751e8b465ee728b)  -> (artifact id: 'fd4eab84b1fde24cc2304a3c823d9b56') in 0.000392 seconds
Number of updated asset objects reloaded before import = 0
Number of asset objects unloaded after import = 0
========================================================================
Received Import Request.
  Time since last request: 0.083064 seconds.
  path: Assets/2D Platformer Controller/Art/Sprites/Tilemaps/Spritesheets/House_Indoor_Props.png
  artifactKey: Guid(9168f69ea899da74296aca91e9ebafcd) Importer(815301076,1909f56bfc062723c751e8b465ee728b)
Start importing Assets/2D Platformer Controller/Art/Sprites/Tilemaps/Spritesheets/House_Indoor_Props.png using Guid(9168f69ea899da74296aca91e9ebafcd) Importer(815301076,1909f56bfc062723c751e8b465ee728b)  -> (artifact id: '5bc179fe0f366ddc11307be43dd35d47') in 0.238337 seconds
Number of updated asset objects reloaded before import = 0
Number of asset objects unloaded after import = 62
========================================================================
Received Import Request.
  Time since last request: 4.456055 seconds.
  path: Assets/2D Platformer Controller/Art/Sprites/Tilemaps/Tiles
  artifactKey: Guid(ced96b2d2a3912d44b9808f9b1dc9005) Importer(815301076,1909f56bfc062723c751e8b465ee728b)
Start importing Assets/2D Platformer Controller/Art/Sprites/Tilemaps/Tiles using Guid(ced96b2d2a3912d44b9808f9b1dc9005) Importer(815301076,1909f56bfc062723c751e8b465ee728b)  -> (artifact id: '90a9a949a0b3971bd5454bd4d4d5aba9') in 0.000434 seconds
Number of updated asset objects reloaded before import = 0
Number of asset objects unloaded after import = 0
========================================================================
Received Import Request.
  Time since last request: 1.242361 seconds.
  path: Assets/2D Platformer Controller/Art/Sprites/Tilemaps/Tiles/House_Indoor_Props
  artifactKey: Guid(d3e99f46fe659cd4a9db34af01f72c3e) Importer(815301076,1909f56bfc062723c751e8b465ee728b)
Start importing Assets/2D Platformer Controller/Art/Sprites/Tilemaps/Tiles/House_Indoor_Props using Guid(d3e99f46fe659cd4a9db34af01f72c3e) Importer(815301076,1909f56bfc062723c751e8b465ee728b)  -> (artifact id: '390f7aaf6be862ec1247d6abf5dd0404') in 0.000394 seconds
Number of updated asset objects reloaded before import = 0
Number of asset objects unloaded after import = 0
========================================================================
Received Import Request.
  Time since last request: 0.072884 seconds.
  path: Assets/2D Platformer Controller/Art/Sprites/Tilemaps/Tiles/House_Indoor_Props/House_Indoor_Props_0.asset
  artifactKey: Guid(83d7f91bcc2c90944b97bc38abb2dd95) Importer(815301076,1909f56bfc062723c751e8b465ee728b)
Start importing Assets/2D Platformer Controller/Art/Sprites/Tilemaps/Tiles/House_Indoor_Props/House_Indoor_Props_0.asset using Guid(83d7f91bcc2c90944b97bc38abb2dd95) Importer(815301076,1909f56bfc062723c751e8b465ee728b)  -> (artifact id: 'dd750043dfdaad9fd713e89faf1b4851') in 0.012516 seconds
Number of updated asset objects reloaded before import = 0
Number of asset objects unloaded after import = 3
========================================================================
Received Import Request.
  Time since last request: 0.000014 seconds.
  path: Assets/2D Platformer Controller/Art/Sprites/Tilemaps/Tiles/House_Indoor_Props/House_Indoor_Props_9.asset
  artifactKey: Guid(c09304d9389f1774cbb61276be25739b) Importer(815301076,1909f56bfc062723c751e8b465ee728b)
Start importing Assets/2D Platformer Controller/Art/Sprites/Tilemaps/Tiles/House_Indoor_Props/House_Indoor_Props_9.asset using Guid(c09304d9389f1774cbb61276be25739b) Importer(815301076,1909f56bfc062723c751e8b465ee728b)  -> (artifact id: 'b69e17349be727777bbe1f21ce2f058c') in 0.009921 seconds
Number of updated asset objects reloaded before import = 0
Number of asset objects unloaded after import = 3
========================================================================
Received Import Request.
  Time since last request: 0.000020 seconds.
  path: Assets/2D Platformer Controller/Art/Sprites/Tilemaps/Tiles/House_Indoor_Props/House_Indoor_Props_36.asset
  artifactKey: Guid(701e41bc6fdc9fe4ca6d12a1ccb06814) Importer(815301076,1909f56bfc062723c751e8b465ee728b)
Start importing Assets/2D Platformer Controller/Art/Sprites/Tilemaps/Tiles/House_Indoor_Props/House_Indoor_Props_36.asset using Guid(701e41bc6fdc9fe4ca6d12a1ccb06814) Importer(815301076,1909f56bfc062723c751e8b465ee728b)  -> (artifact id: 'c1dc9c276ab03d41512857ac061f5ca9') in 0.009931 seconds
Number of updated asset objects reloaded before import = 0
Number of asset objects unloaded after import = 3
========================================================================
Received Import Request.
  Time since last request: 0.000012 seconds.
  path: Assets/2D Platformer Controller/Art/Sprites/Tilemaps/Tiles/House_Indoor_Props/House_Indoor_Props_39.asset
  artifactKey: Guid(aedd9b0befd7e6440964873b1e874957) Importer(815301076,1909f56bfc062723c751e8b465ee728b)
Start importing Assets/2D Platformer Controller/Art/Sprites/Tilemaps/Tiles/House_Indoor_Props/House_Indoor_Props_39.asset using Guid(aedd9b0befd7e6440964873b1e874957) Importer(815301076,1909f56bfc062723c751e8b465ee728b)  -> (artifact id: '8e25b97aa962187f4e1f68d927b38201') in 0.008171 seconds
Number of updated asset objects reloaded before import = 0
Number of asset objects unloaded after import = 3
========================================================================
Received Import Request.
  Time since last request: 0.000016 seconds.
  path: Assets/2D Platformer Controller/Art/Sprites/Tilemaps/Tiles/House_Indoor_Props/House_Indoor_Props_4.asset
  artifactKey: Guid(9ef192bf79680c34ebfb9e38a594eb93) Importer(815301076,1909f56bfc062723c751e8b465ee728b)
Start importing Assets/2D Platformer Controller/Art/Sprites/Tilemaps/Tiles/House_Indoor_Props/House_Indoor_Props_4.asset using Guid(9ef192bf79680c34ebfb9e38a594eb93) Importer(815301076,1909f56bfc062723c751e8b465ee728b)  -> (artifact id: 'af6ceccd3419840ed459ea3caf93f216') in 0.012885 seconds
Number of updated asset objects reloaded before import = 0
Number of asset objects unloaded after import = 3
========================================================================
Received Import Request.
  Time since last request: 0.000019 seconds.
  path: Assets/2D Platformer Controller/Art/Sprites/Tilemaps/Tiles/House_Indoor_Props/House_Indoor_Props_56.asset
  artifactKey: Guid(7a5dc19116771ec49833e4eae4b2ce5c) Importer(815301076,1909f56bfc062723c751e8b465ee728b)
Start importing Assets/2D Platformer Controller/Art/Sprites/Tilemaps/Tiles/House_Indoor_Props/House_Indoor_Props_56.asset using Guid(7a5dc19116771ec49833e4eae4b2ce5c) Importer(815301076,1909f56bfc062723c751e8b465ee728b)  -> (artifact id: '84df7e0877ad7446c65058854eb6b320') in 0.010727 seconds
Number of updated asset objects reloaded before import = 0
Number of asset objects unloaded after import = 3
========================================================================
Received Import Request.
  Time since last request: 0.000014 seconds.
  path: Assets/2D Platformer Controller/Art/Sprites/Tilemaps/Tiles/House_Indoor_Props/House_Indoor_Props_29.asset
  artifactKey: Guid(314b6395e0c12f345a71e5e64acf993e) Importer(815301076,1909f56bfc062723c751e8b465ee728b)
Start importing Assets/2D Platformer Controller/Art/Sprites/Tilemaps/Tiles/House_Indoor_Props/House_Indoor_Props_29.asset using Guid(314b6395e0c12f345a71e5e64acf993e) Importer(815301076,1909f56bfc062723c751e8b465ee728b)  -> (artifact id: 'b4213db9d28ed33256d4ab69f549fdaa') in 0.009602 seconds
Number of updated asset objects reloaded before import = 0
Number of asset objects unloaded after import = 3
========================================================================
Received Import Request.
  Time since last request: 0.000014 seconds.
  path: Assets/2D Platformer Controller/Art/Sprites/Tilemaps/Tiles/House_Indoor_Props/House_Indoor_Props_31.asset
  artifactKey: Guid(2f8c4fd8a52131748badf67d8e770239) Importer(815301076,1909f56bfc062723c751e8b465ee728b)
Start importing Assets/2D Platformer Controller/Art/Sprites/Tilemaps/Tiles/House_Indoor_Props/House_Indoor_Props_31.asset using Guid(2f8c4fd8a52131748badf67d8e770239) Importer(815301076,1909f56bfc062723c751e8b465ee728b)  -> (artifact id: '11afb393c6c11c3629eb6249ccf1de1e') in 0.011488 seconds
Number of updated asset objects reloaded before import = 0
Number of asset objects unloaded after import = 3
========================================================================
Received Import Request.
  Time since last request: 0.000027 seconds.
  path: Assets/2D Platformer Controller/Art/Sprites/Tilemaps/Tiles/House_Indoor_Props/House_Indoor_Props_16.asset
  artifactKey: Guid(6699b64ecc2db0249a9598943561dfaf) Importer(815301076,1909f56bfc062723c751e8b465ee728b)
Start importing Assets/2D Platformer Controller/Art/Sprites/Tilemaps/Tiles/House_Indoor_Props/House_Indoor_Props_16.asset using Guid(6699b64ecc2db0249a9598943561dfaf) Importer(815301076,1909f56bfc062723c751e8b465ee728b)  -> (artifact id: '8965c73b8630e614c233e9011f463a79') in 0.012999 seconds
Number of updated asset objects reloaded before import = 0
Number of asset objects unloaded after import = 3
========================================================================
Received Import Request.
  Time since last request: 0.000017 seconds.
  path: Assets/2D Platformer Controller/Art/Sprites/Tilemaps/Tiles/House_Indoor_Props/House_Indoor_Props_11.asset
  artifactKey: Guid(a9c45c73617dc36429a8efdf5ecb394b) Importer(815301076,1909f56bfc062723c751e8b465ee728b)
Start importing Assets/2D Platformer Controller/Art/Sprites/Tilemaps/Tiles/House_Indoor_Props/House_Indoor_Props_11.asset using Guid(a9c45c73617dc36429a8efdf5ecb394b) Importer(815301076,1909f56bfc062723c751e8b465ee728b)  -> (artifact id: 'dcc1c0ad7aeac4c8b77ace64c3e826e8') in 0.010233 seconds
Number of updated asset objects reloaded before import = 0
Number of asset objects unloaded after import = 3
========================================================================
Received Import Request.
  Time since last request: 0.000015 seconds.
  path: Assets/2D Platformer Controller/Art/Sprites/Tilemaps/Tiles/House_Indoor_Props/House_Indoor_Props_51.asset
  artifactKey: Guid(bbaf05eb3ee15c04ba7b2a6965b6e47e) Importer(815301076,1909f56bfc062723c751e8b465ee728b)
Start importing Assets/2D Platformer Controller/Art/Sprites/Tilemaps/Tiles/House_Indoor_Props/House_Indoor_Props_51.asset using Guid(bbaf05eb3ee15c04ba7b2a6965b6e47e) Importer(815301076,1909f56bfc062723c751e8b465ee728b)  -> (artifact id: '9dcb63e3c24ef971f6b034a20deb01a1') in 0.009940 seconds
Number of updated asset objects reloaded before import = 0
Number of asset objects unloaded after import = 3
========================================================================
Received Import Request.
  Time since last request: 0.000027 seconds.
  path: Assets/2D Platformer Controller/Art/Sprites/Tilemaps/Tiles/House_Indoor_Props/House_Indoor_Props_35.asset
  artifactKey: Guid(d9c227e885b4ca541b55557c932fa3f3) Importer(815301076,1909f56bfc062723c751e8b465ee728b)
Start importing Assets/2D Platformer Controller/Art/Sprites/Tilemaps/Tiles/House_Indoor_Props/House_Indoor_Props_35.asset using Guid(d9c227e885b4ca541b55557c932fa3f3) Importer(815301076,1909f56bfc062723c751e8b465ee728b)  -> (artifact id: '98b943d496df480586799ce714a75cb1') in 0.010255 seconds
Number of updated asset objects reloaded before import = 0
Number of asset objects unloaded after import = 3
========================================================================
Received Import Request.
  Time since last request: 0.000017 seconds.
  path: Assets/2D Platformer Controller/Art/Sprites/Tilemaps/Tiles/House_Indoor_Props/House_Indoor_Props_32.asset
  artifactKey: Guid(9142bc63d8753044697c4d64056c9933) Importer(815301076,1909f56bfc062723c751e8b465ee728b)
Start importing Assets/2D Platformer Controller/Art/Sprites/Tilemaps/Tiles/House_Indoor_Props/House_Indoor_Props_32.asset using Guid(9142bc63d8753044697c4d64056c9933) Importer(815301076,1909f56bfc062723c751e8b465ee728b)  -> (artifact id: '7ce5f036918de5e54a6875510a7ba189') in 0.010916 seconds
Number of updated asset objects reloaded before import = 0
Number of asset objects unloaded after import = 3
========================================================================
Received Import Request.
  Time since last request: 0.000021 seconds.
  path: Assets/2D Platformer Controller/Art/Sprites/Tilemaps/Tiles/House_Indoor_Props/House_Indoor_Props_48.asset
  artifactKey: Guid(856aa4d8c746f1b459a4ab0615fcc4ac) Importer(815301076,1909f56bfc062723c751e8b465ee728b)
Start importing Assets/2D Platformer Controller/Art/Sprites/Tilemaps/Tiles/House_Indoor_Props/House_Indoor_Props_48.asset using Guid(856aa4d8c746f1b459a4ab0615fcc4ac) Importer(815301076,1909f56bfc062723c751e8b465ee728b)  -> (artifact id: 'd6e38587a4fe74d657528c57186cd73f') in 0.010885 seconds
Number of updated asset objects reloaded before import = 0
Number of asset objects unloaded after import = 3
========================================================================
Received Import Request.
  Time since last request: 0.000029 seconds.
  path: Assets/2D Platformer Controller/Art/Sprites/Tilemaps/Tiles/House_Indoor_Props/House_Indoor_Props_23.asset
  artifactKey: Guid(ad71909f8ac542f49b7c550ebb80322f) Importer(815301076,1909f56bfc062723c751e8b465ee728b)
Start importing Assets/2D Platformer Controller/Art/Sprites/Tilemaps/Tiles/House_Indoor_Props/House_Indoor_Props_23.asset using Guid(ad71909f8ac542f49b7c550ebb80322f) Importer(815301076,1909f56bfc062723c751e8b465ee728b)  -> (artifact id: 'd8e8a38f016188fb4f8a7c8489fe901e') in 0.009415 seconds
Number of updated asset objects reloaded before import = 0
Number of asset objects unloaded after import = 3
========================================================================
Received Import Request.
  Time since last request: 0.000016 seconds.
  path: Assets/2D Platformer Controller/Art/Sprites/Tilemaps/Tiles/House_Indoor_Props/House_Indoor_Props_55.asset
  artifactKey: Guid(2451a2ce91ba9db4b8d8d8089060cc00) Importer(815301076,1909f56bfc062723c751e8b465ee728b)
Start importing Assets/2D Platformer Controller/Art/Sprites/Tilemaps/Tiles/House_Indoor_Props/House_Indoor_Props_55.asset using Guid(2451a2ce91ba9db4b8d8d8089060cc00) Importer(815301076,1909f56bfc062723c751e8b465ee728b)  -> (artifact id: 'b477889f6e94b534adfd34fb28bd1397') in 0.010025 seconds
Number of updated asset objects reloaded before import = 0
Number of asset objects unloaded after import = 3
========================================================================
Received Import Request.
  Time since last request: 5.027877 seconds.
  path: Assets/2D Platformer Controller/Art/Sprites/Characters
  artifactKey: Guid(5a88a18b82148cd4bbf5cc468fdf98d0) Importer(815301076,1909f56bfc062723c751e8b465ee728b)
Start importing Assets/2D Platformer Controller/Art/Sprites/Characters using Guid(5a88a18b82148cd4bbf5cc468fdf98d0) Importer(815301076,1909f56bfc062723c751e8b465ee728b)  -> (artifact id: 'ed942280ff7e5dde51e1de79d1718543') in 0.000675 seconds
Number of updated asset objects reloaded before import = 0
Number of asset objects unloaded after import = 0
========================================================================
Received Import Request.
  Time since last request: 1.758541 seconds.
  path: Assets/2D Platformer Controller/Art/Sprites/Tilemaps/Palletes
  artifactKey: Guid(57b99ada69f126848a5b14c82f998cb7) Importer(815301076,1909f56bfc062723c751e8b465ee728b)
Start importing Assets/2D Platformer Controller/Art/Sprites/Tilemaps/Palletes using Guid(57b99ada69f126848a5b14c82f998cb7) Importer(815301076,1909f56bfc062723c751e8b465ee728b)  -> (artifact id: 'ed2847772f32cc7c4b6a340782cf3169') in 0.000474 seconds
Number of updated asset objects reloaded before import = 0
Number of asset objects unloaded after import = 0
========================================================================
Received Import Request.
  Time since last request: 0.096144 seconds.
  path: Assets/2D Platformer Controller/Art/Sprites/Tilemaps/Palletes/House_Indoor.prefab
  artifactKey: Guid(b2b8ab4eaeee378439491622942d0631) Importer(815301076,1909f56bfc062723c751e8b465ee728b)
Start importing Assets/2D Platformer Controller/Art/Sprites/Tilemaps/Palletes/House_Indoor.prefab using Guid(b2b8ab4eaeee378439491622942d0631) Importer(815301076,1909f56bfc062723c751e8b465ee728b)  -> (artifact id: 'cc8bee32b40ce6d2ac4a27cc8e3efd84') in 0.022596 seconds
Number of updated asset objects reloaded before import = 0
Number of asset objects unloaded after import = 57
